# JRE version: Java(TM) SE Runtime Environment (26.0.2.1+1) (build 26.0.2.1+1-7)
# Java VM: Java HotSpot(TM) 64-Bit Server VM (26.0.2.1+1-7, mixed mode, sharing, tiered, compressed oops, compressed class ptrs, g1 gc, windows-amd64)
GC Precious Log:
 CardTable entry size: 512
 Card Set container configuration: InlinePtr #cards 4 size 8 Array Of Cards #cards 16 size 48 Howl #buckets 8 coarsen threshold 3686 Howl Bitmap #cards 512 size 80 coarsen threshold 460 Card regions per heap region 1 cards per card region 4096
 CPUs: 14 total, 14 available
 Memory: 15828M
 Large Page Support: Disabled
 NUMA Support: Disabled
 Compressed Oops: Enabled (Zero based)
 Heap Region Size: 2M
 Heap Min Capacity: 8M
 Heap Initial Capacity: 8M
 Heap Max Capacity: 3958M
 Pre-touch: Disabled
 Parallel Workers: 11
 Concurrent Workers: 3
 Concurrent Refinement Workers: 11
 Periodic GC: Disabled
Heap:
 garbage-first heap   total reserved 4052992K, committed 92160K, used 30563K [0x0000000708a00000, 0x0000000800000000)
  region size 2M, 10 eden (20M), 3 survivor (6M), 4 old (8M), 0 humongous (0M), 28 free (56M)
GC Heap Usage History (16 events):
Event: 0.130 {heap Before GC invocations=0 (full 0):
 garbage-first heap   total reserved 4052992K, committed 10240K, used 3235K [0x0000000708a00000, 0x0000000800000000)
  region size 2M, 1 eden (2M), 0 survivor (0M), 1 old (2M), 0 humongous (0M), 3 free (6M)
}
Event: 0.131 {heap After GC invocations=1 (full 0):
 garbage-first heap   total reserved 4052992K, committed 10240K, used 1891K [0x0000000708a00000, 0x0000000800000000)
  region size 2M, 0 eden (0M), 1 survivor (2M), 1 old (2M), 0 humongous (0M), 3 free (6M)
}
Event: 0.166 {heap Before GC invocations=1 (full 0):
 garbage-first heap   total reserved 4052992K, committed 10240K, used 3939K [0x0000000708a00000, 0x0000000800000000)
  region size 2M, 1 eden (2M), 1 survivor (2M), 1 old (2M), 0 humongous (0M), 2 free (4M)
}
Event: 0.167 {heap After GC invocations=2 (full 0):
 garbage-first heap   total reserved 4052992K, committed 10240K, used 2038K [0x0000000708a00000, 0x0000000800000000)
  region size 2M, 0 eden (0M), 1 survivor (2M), 1 old (2M), 0 humongous (0M), 3 free (6M)
}
Event: 0.196 {heap Before GC invocations=2 (full 0):
 garbage-first heap   total reserved 4052992K, committed 10240K, used 4086K [0x0000000708a00000, 0x0000000800000000)
  region size 2M, 1 eden (2M), 1 survivor (2M), 1 old (2M), 0 humongous (0M), 2 free (4M)
}
Event: 0.199 {heap After GC invocations=3 (full 0):
 garbage-first heap   total reserved 4052992K, committed 30720K, used 3768K [0x0000000708a00000, 0x0000000800000000)
  region size 2M, 0 eden (0M), 1 survivor (2M), 2 old (4M), 0 humongous (0M), 12 free (24M)
}
Event: 0.325 {heap Before GC invocations=3 (full 0):
 garbage-first heap   total reserved 4052992K, committed 30720K, used 11960K [0x0000000708a00000, 0x0000000800000000)
  region size 2M, 5 eden (10M), 1 survivor (2M), 2 old (4M), 0 humongous (0M), 7 free (14M)
}
Event: 0.329 {heap After GC invocations=4 (full 0):
 garbage-first heap   total reserved 4052992K, committed 30720K, used 6897K [0x0000000708a00000, 0x0000000800000000)
  region size 2M, 0 eden (0M), 1 survivor (2M), 3 old (6M), 0 humongous (0M), 11 free (22M)
}
Event: 0.394 {heap Before GC invocations=4 (full 0):
 garbage-first heap   total reserved 4052992K, committed 30720K, used 13041K [0x0000000708a00000, 0x0000000800000000)
  region size 2M, 3 eden (6M), 1 survivor (2M), 3 old (6M), 0 humongous (0M), 8 free (16M)
}
Event: 0.397 {heap After GC invocations=5 (full 0):
 garbage-first heap   total reserved 4052992K, committed 30720K, used 7648K [0x0000000708a00000, 0x0000000800000000)
  region size 2M, 0 eden (0M), 1 survivor (2M), 4 old (8M), 0 humongous (0M), 10 free (20M)
}
Event: 0.475 {heap Before GC invocations=5 (full 0):
 garbage-first heap   total reserved 4052992K, committed 30720K, used 13792K [0x0000000708a00000, 0x0000000800000000)
  region size 2M, 4 eden (8M), 1 survivor (2M), 4 old (8M), 0 humongous (0M), 6 free (12M)
}
Event: 0.477 {heap After GC invocations=6 (full 0):
 garbage-first heap   total reserved 4052992K, committed 30720K, used 7994K [0x0000000708a00000, 0x0000000800000000)
  region size 2M, 0 eden (0M), 1 survivor (2M), 4 old (8M), 0 humongous (0M), 10 free (20M)
}
Event: 0.562 {heap Before GC invocations=6 (full 0):
 garbage-first heap   total reserved 4052992K, committed 30720K, used 16186K [0x0000000708a00000, 0x0000000800000000)
  region size 2M, 4 eden (8M), 1 survivor (2M), 4 old (8M), 0 humongous (0M), 6 free (12M)
}
Event: 0.566 {heap After GC invocations=7 (full 0):
 garbage-first heap   total reserved 4052992K, committed 92160K, used 9083K [0x0000000708a00000, 0x0000000800000000)
  region size 2M, 0 eden (0M), 1 survivor (2M), 4 old (8M), 0 humongous (0M), 40 free (80M)
}
Event: 2.367 {heap Before GC invocations=7 (full 0):
 garbage-first heap   total reserved 4052992K, committed 92160K, used 43899K [0x0000000708a00000, 0x0000000800000000)
  region size 2M, 19 eden (38M), 1 survivor (2M), 4 old (8M), 0 humongous (0M), 21 free (42M)
}
Event: 2.373 {heap After GC invocations=8 (full 0):
 garbage-first heap   total reserved 4052992K, committed 92160K, used 12131K [0x0000000708a00000, 0x0000000800000000)
  region size 2M, 0 eden (0M), 3 survivor (6M), 4 old (8M), 0 humongous (0M), 38 free (76M)
}

